[0.011s] Invoking command in '/home/acid/stuff/rover/build/temperature_subscriber': CMAKE_PREFIX_PATH=/opt/ros/humble /usr/bin/cmake --build /home/acid/stuff/rover/build/temperature_subscriber -- -j12 -l12
[0.044s] [35m[1mConsolidate compiler generated dependencies of target temp_sub[0m
[0.060s] [ 50%] [32mBuilding CXX object CMakeFiles/temp_sub.dir/src/main.cpp.o[0m
[2.052s] In file included from [01m[K/opt/ros/humble/include/rclcpp/rclcpp/logging.hpp:24[m[K,
[2.052s]                  from [01m[K/opt/ros/humble/include/rclcpp/rclcpp/client.hpp:40[m[K,
[2.052s]                  from [01m[K/opt/ros/humble/include/rclcpp/rclcpp/callback_group.hpp:24[m[K,
[2.052s]                  from [01m[K/opt/ros/humble/include/rclcpp/rclcpp/any_executable.hpp:20[m[K,
[2.052s]                  from [01m[K/opt/ros/humble/include/rclcpp/rclcpp/memory_strategy.hpp:25[m[K,
[2.052s]                  from [01m[K/opt/ros/humble/include/rclcpp/rclcpp/memory_strategies.hpp:18[m[K,
[2.052s]                  from [01m[K/opt/ros/humble/include/rclcpp/rclcpp/executor_options.hpp:20[m[K,
[2.052s]                  from [01m[K/opt/ros/humble/include/rclcpp/rclcpp/executor.hpp:37[m[K,
[2.052s]                  from [01m[K/opt/ros/humble/include/rclcpp/rclcpp/executors/multi_threaded_executor.hpp:25[m[K,
[2.052s]                  from [01m[K/opt/ros/humble/include/rclcpp/rclcpp/executors.hpp:21[m[K,
[2.052s]                  from [01m[K/opt/ros/humble/include/rclcpp/rclcpp/rclcpp.hpp:155[m[K,
[2.052s]                  from [01m[K/home/acid/stuff/rover/src/sub/src/main.cpp:6[m[K:
[2.052s] [01m[K/home/acid/stuff/rover/src/sub/src/SubNode.cpp:[m[K In member function â€˜[01m[Kvoid temperatureSubscriber::topic_callback(std_msgs::msg::Float32_<std::allocator<void> >::SharedPtr) const[m[Kâ€™:
[2.052s] [01m[K/home/acid/stuff/rover/src/sub/src/SubNode.cpp:21:85:[m[K [01;31m[Kerror: [m[Kâ€˜[01m[Kconst SharedPtr[m[Kâ€™ {aka â€˜[01m[Kconst class std::shared_ptr<std_msgs::msg::Float32_<std::allocator<void> > >[m[Kâ€™} has no member named â€˜[01m[Kdata[m[Kâ€™
[2.052s]    21 |     RCLCPP_INFO(this->get_logger(), "Temperature Change Received: '%f'", tempChange.[01;31m[Kdata[m[K);
[2.052s]       |                                                                                     [01;31m[K^~~~[m[K
[2.053s] In file included from [01m[K/home/acid/stuff/rover/src/sub/src/main.cpp:8[m[K:
[2.053s] [01m[K/home/acid/stuff/rover/src/sub/src/SubNode.cpp:23:34:[m[K [01;31m[Kerror: [m[Kpassing â€˜[01m[Kconst CurrentTemperature[m[Kâ€™ as â€˜[01m[Kthis[m[Kâ€™ argument discards qualifiers [[01;31m[K]8;;https://gcc.gnu.org/onlinedocs/gcc/Warning-Options.html#index-fpermissive-fpermissive]8;;[m[K]
[2.053s]    23 |     [01;31m[Ktemp_memory.temperatureChange(tempChange->data)[m[K;
[2.053s]       |     [01;31m[K~~~~~~~~~~~~~~~~~~~~~~~~~~~~~^~~~~~~~~~~~~~~~~~[m[K
[2.053s] In file included from [01m[K/home/acid/stuff/rover/src/sub/src/SubNode.cpp:3[m[K,
[2.053s]                  from [01m[K/home/acid/stuff/rover/src/sub/src/main.cpp:8[m[K:
[2.053s] [01m[K/home/acid/stuff/rover/src/sub/src/PackageSubsystem.hpp:5:8:[m[K [01;36m[Knote: [m[K  in call to â€˜[01m[Kvoid CurrentTemperature::temperatureChange(float)[m[Kâ€™
[2.053s]     5 |   void [01;36m[KtemperatureChange[m[K(float value);
[2.053s]       |        [01;36m[K^~~~~~~~~~~~~~~~~[m[K
[2.053s] In file included from [01m[K/home/acid/stuff/rover/src/sub/src/main.cpp:8[m[K:
[2.053s] [01m[K/home/acid/stuff/rover/src/sub/src/SubNode.cpp:27:28:[m[K [01;31m[Kerror: [m[Kexpected unqualified-id before â€˜[01m[K>[m[Kâ€™ token
[2.053s]    27 |     if (CurrentTemperature [01;31m[K>[m[K 80.0f) {
[2.053s]       |                            [01;31m[K^[m[K
[2.053s] [01m[K/home/acid/stuff/rover/src/sub/src/SubNode.cpp:25:11:[m[K [01;35m[Kwarning: [m[Kunused variable â€˜[01m[KcurrentTemperature[m[Kâ€™ [[01;35m[K]8;;https://gcc.gnu.org/onlinedocs/gcc/Warning-Options.html#index-Wunused-variable-Wunused-variable]8;;[m[K]
[2.053s]    25 |     float [01;35m[KcurrentTemperature[m[K = temp_memory.getTemperature();
[2.053s]       |           [01;35m[K^~~~~~~~~~~~~~~~~~[m[K
[4.462s] gmake[2]: *** [CMakeFiles/temp_sub.dir/build.make:76: CMakeFiles/temp_sub.dir/src/main.cpp.o] Error 1
[4.462s] gmake[1]: *** [CMakeFiles/Makefile2:137: CMakeFiles/temp_sub.dir/all] Error 2
[4.463s] gmake: *** [Makefile:146: all] Error 2
