[0.011s] Invoking command in '/home/acid/stuff/rover/build/temperature_subscriber': CMAKE_PREFIX_PATH=/opt/ros/humble /usr/bin/cmake --build /home/acid/stuff/rover/build/temperature_subscriber -- -j12 -l12
[0.044s] [35m[1mConsolidate compiler generated dependencies of target temp_sub[0m
[0.062s] [ 25%] [32mBuilding CXX object CMakeFiles/temp_sub.dir/src/main.cpp.o[0m
[0.062s] [ 50%] [32mBuilding CXX object CMakeFiles/temp_sub.dir/src/SubNode.cpp.o[0m
[1.946s] In file included from [01m[K/home/acid/stuff/rover/src/sub/src/main.cpp:8[m[K:
[1.946s] [01m[K/home/acid/stuff/rover/src/sub/src/SubNode.cpp:[m[K In member function â€˜[01m[Kvoid temperatureSubscriber::topic_callback(std_msgs::msg::Float32_<std::allocator<void> >::SharedPtr) const[m[Kâ€™:
[1.946s] [01m[K/home/acid/stuff/rover/src/sub/src/SubNode.cpp:24:34:[m[K [01;31m[Kerror: [m[Kpassing â€˜[01m[Kconst CurrentTemperature[m[Kâ€™ as â€˜[01m[Kthis[m[Kâ€™ argument discards qualifiers [[01;31m[K]8;;https://gcc.gnu.org/onlinedocs/gcc/Warning-Options.html#index-fpermissive-fpermissive]8;;[m[K]
[1.946s]    24 |     [01;31m[Ktemp_memory.temperatureChange(temperatureChange)[m[K;
[1.946s]       |     [01;31m[K~~~~~~~~~~~~~~~~~~~~~~~~~~~~~^~~~~~~~~~~~~~~~~~~[m[K
[1.946s] In file included from [01m[K/home/acid/stuff/rover/src/sub/src/SubNode.cpp:3[m[K,
[1.946s]                  from [01m[K/home/acid/stuff/rover/src/sub/src/main.cpp:8[m[K:
[1.946s] [01m[K/home/acid/stuff/rover/src/sub/src/PackageSubsystem.hpp:5:8:[m[K [01;36m[Knote: [m[K  in call to â€˜[01m[Kvoid CurrentTemperature::temperatureChange(float)[m[Kâ€™
[1.946s]     5 |   void [01;36m[KtemperatureChange[m[K(float value);
[1.946s]       |        [01;36m[K^~~~~~~~~~~~~~~~~[m[K
[1.951s] [01m[K/home/acid/stuff/rover/src/sub/src/SubNode.cpp:[m[K In member function â€˜[01m[Kvoid temperatureSubscriber::topic_callback(std_msgs::msg::Float32_<std::allocator<void> >::SharedPtr) const[m[Kâ€™:
[1.951s] [01m[K/home/acid/stuff/rover/src/sub/src/SubNode.cpp:24:34:[m[K [01;31m[Kerror: [m[Kpassing â€˜[01m[Kconst CurrentTemperature[m[Kâ€™ as â€˜[01m[Kthis[m[Kâ€™ argument discards qualifiers [[01;31m[K]8;;https://gcc.gnu.org/onlinedocs/gcc/Warning-Options.html#index-fpermissive-fpermissive]8;;[m[K]
[1.951s]    24 |     [01;31m[Ktemp_memory.temperatureChange(temperatureChange)[m[K;
[1.951s]       |     [01;31m[K~~~~~~~~~~~~~~~~~~~~~~~~~~~~~^~~~~~~~~~~~~~~~~~~[m[K
[1.951s] In file included from [01m[K/home/acid/stuff/rover/src/sub/src/SubNode.cpp:3[m[K:
[1.951s] [01m[K/home/acid/stuff/rover/src/sub/src/PackageSubsystem.hpp:5:8:[m[K [01;36m[Knote: [m[K  in call to â€˜[01m[Kvoid CurrentTemperature::temperatureChange(float)[m[Kâ€™
[1.951s]     5 |   void [01;36m[KtemperatureChange[m[K(float value);
[1.951s]       |        [01;36m[K^~~~~~~~~~~~~~~~~[m[K
[3.893s] gmake[2]: *** [CMakeFiles/temp_sub.dir/build.make:90: CMakeFiles/temp_sub.dir/src/SubNode.cpp.o] Error 1
[3.893s] gmake[2]: *** Waiting for unfinished jobs....
[4.055s] gmake[2]: *** [CMakeFiles/temp_sub.dir/build.make:76: CMakeFiles/temp_sub.dir/src/main.cpp.o] Error 1
[4.055s] gmake[1]: *** [CMakeFiles/Makefile2:137: CMakeFiles/temp_sub.dir/all] Error 2
[4.056s] gmake: *** [Makefile:146: all] Error 2
[4.060s] Invoked command in '/home/acid/stuff/rover/build/temperature_subscriber' returned '2': CMAKE_PREFIX_PATH=/opt/ros/humble /usr/bin/cmake --build /home/acid/stuff/rover/build/temperature_subscriber -- -j12 -l12
