In file included from [01m[K/home/acid/stuff/rover/src/pub/src/main.cpp:6[m[K:
[01m[K/home/acid/stuff/rover/src/pub/src/PubNode.cpp:8:10:[m[K [01;31m[Kfatal error: [m[KPackageSubSystem.hpp: No such file or directory
    8 | #include [01;31m[K"PackageSubSystem.hpp"[m[K
      |          [01;31m[K^~~~~~~~~~~~~~~~~~~~~~[m[K
compilation terminated.
gmake[2]: *** [CMakeFiles/temp_pub.dir/build.make:76: CMakeFiles/temp_pub.dir/src/main.cpp.o] Error 1
gmake[1]: *** [CMakeFiles/Makefile2:137: CMakeFiles/temp_pub.dir/all] Error 2
gmake: *** [Makefile:146: all] Error 2
