[0.011s] Invoking command in '/home/acid/stuff/rover/build/temperature_publisher': CMAKE_PREFIX_PATH=/opt/ros/humble /usr/bin/cmake /home/acid/stuff/rover/src/pub -DCMAKE_INSTALL_PREFIX=/home/acid/stuff/rover/install/temperature_publisher
[0.034s] -- Found ament_cmake: 1.3.11 (/opt/ros/humble/share/ament_cmake/cmake)
[0.145s] -- Found Python3: /usr/bin/python3 (found version "3.10.12") found components: Interpreter 
[0.226s] -- Found rclcpp: 16.0.12 (/opt/ros/humble/share/rclcpp/cmake)
[0.314s] -- Found rosidl_generator_c: 3.1.6 (/opt/ros/humble/share/rosidl_generator_c/cmake)
[0.319s] -- Found rosidl_adapter: 3.1.6 (/opt/ros/humble/share/rosidl_adapter/cmake)
[0.327s] -- Found rosidl_generator_cpp: 3.1.6 (/opt/ros/humble/share/rosidl_generator_cpp/cmake)
[0.342s] -- Using all available rosidl_typesupport_c: rosidl_typesupport_fastrtps_c;rosidl_typesupport_introspection_c
[0.358s] -- Using all available rosidl_typesupport_cpp: rosidl_typesupport_fastrtps_cpp;rosidl_typesupport_introspection_cpp
[0.401s] -- Found rmw_implementation_cmake: 6.1.2 (/opt/ros/humble/share/rmw_implementation_cmake/cmake)
[0.404s] -- Found rmw_fastrtps_cpp: 6.2.7 (/opt/ros/humble/share/rmw_fastrtps_cpp/cmake)
[0.745s] -- Found OpenSSL: /usr/lib/x86_64-linux-gnu/libcrypto.so (found version "3.0.2")  
[1.074s] -- Found FastRTPS: /opt/ros/humble/include  
[1.609s] -- Using RMW implementation 'rmw_fastrtps_cpp' as default
[1.626s] -- Looking for pthread.h
[1.717s] -- Looking for pthread.h - found
[1.717s] -- Performing Test CMAKE_HAVE_LIBC_PTHREAD
[1.808s] -- Performing Test CMAKE_HAVE_LIBC_PTHREAD - Success
[1.808s] -- Found Threads: TRUE  
[1.859s] -- Found ament_lint_auto: 0.12.12 (/opt/ros/humble/share/ament_lint_auto/cmake)
[1.917s] -- Added test 'cppcheck' to perform static code analysis on C / C++ code
[1.917s] -- Configured cppcheck include dirs: $<BUILD_INTERFACE:/home/acid/stuff/rover/src/pub/include>
[1.917s] -- Configured cppcheck exclude dirs and/or files: 
[1.918s] -- Added test 'lint_cmake' to check CMake code style
[1.920s] -- Added test 'uncrustify' to check C / C++ code style
[1.920s] -- Configured uncrustify additional arguments: 
[1.921s] -- Added test 'xmllint' to check XML markup files
[1.923s] -- Configuring done
[1.936s] -- Generating done
[1.939s] -- Build files have been written to: /home/acid/stuff/rover/build/temperature_publisher
[1.947s] Invoked command in '/home/acid/stuff/rover/build/temperature_publisher' returned '0': CMAKE_PREFIX_PATH=/opt/ros/humble /usr/bin/cmake /home/acid/stuff/rover/src/pub -DCMAKE_INSTALL_PREFIX=/home/acid/stuff/rover/install/temperature_publisher
[1.948s] Invoking command in '/home/acid/stuff/rover/build/temperature_publisher': CMAKE_PREFIX_PATH=/opt/ros/humble /usr/bin/cmake --build /home/acid/stuff/rover/build/temperature_publisher -- -j12 -l12
[1.989s] [ 50%] [32mBuilding CXX object CMakeFiles/temp_pub.dir/src/main.cpp.o[0m
[2.048s] In file included from [01m[K/home/acid/stuff/rover/src/pub/src/main.cpp:6[m[K:
[2.048s] [01m[K/home/acid/stuff/rover/src/pub/src/PubNode.cpp:8:10:[m[K [01;31m[Kfatal error: [m[KPackageSubSystem.hpp: No such file or directory
[2.048s]     8 | #include [01;31m[K"PackageSubSystem.hpp"[m[K
[2.048s]       |          [01;31m[K^~~~~~~~~~~~~~~~~~~~~~[m[K
[2.049s] compilation terminated.
[2.050s] gmake[2]: *** [CMakeFiles/temp_pub.dir/build.make:76: CMakeFiles/temp_pub.dir/src/main.cpp.o] Error 1
[2.050s] gmake[1]: *** [CMakeFiles/Makefile2:137: CMakeFiles/temp_pub.dir/all] Error 2
[2.050s] gmake: *** [Makefile:146: all] Error 2
[2.053s] Invoked command in '/home/acid/stuff/rover/build/temperature_publisher' returned '2': CMAKE_PREFIX_PATH=/opt/ros/humble /usr/bin/cmake --build /home/acid/stuff/rover/build/temperature_publisher -- -j12 -l12
