[0.011s] Invoking command in '/home/acid/stuff/rover/build/temperature_publisher': CMAKE_PREFIX_PATH=/opt/ros/humble /usr/bin/cmake --build /home/acid/stuff/rover/build/temperature_publisher -- -j12 -l12
[0.047s] [35m[1mConsolidate compiler generated dependencies of target temp_pub[0m
[0.063s] [ 50%] [32mBuilding CXX object CMakeFiles/temp_pub.dir/src/main.cpp.o[0m
[2.202s] In file included from [01m[K/home/acid/stuff/rover/src/pub/src/main.cpp:8[m[K:
[2.202s] [01m[K/home/acid/stuff/rover/src/pub/src/PubNode.cpp:[m[K In constructor â€˜[01m[KtemperaturePublisher::temperaturePublisher()[m[Kâ€™:
[2.202s] [01m[K/home/acid/stuff/rover/src/pub/src/PubNode.cpp:21:60:[m[K [01;31m[Kerror: [m[Kexpected unqualified-id before numeric constant
[2.202s]    21 |     timer_ = this->create_wall_timer(std::chrono_literals::[01;31m[K500ms[m[K, std::bind(&temperaturePublisher::timer_callback, this));
[2.203s]       |                                                            [01;31m[K^~~~~[m[K
[2.803s] gmake[2]: *** [CMakeFiles/temp_pub.dir/build.make:76: CMakeFiles/temp_pub.dir/src/main.cpp.o] Error 1
[2.803s] gmake[1]: *** [CMakeFiles/Makefile2:137: CMakeFiles/temp_pub.dir/all] Error 2
[2.804s] gmake: *** [Makefile:146: all] Error 2
[2.808s] Invoked command in '/home/acid/stuff/rover/build/temperature_publisher' returned '2': CMAKE_PREFIX_PATH=/opt/ros/humble /usr/bin/cmake --build /home/acid/stuff/rover/build/temperature_publisher -- -j12 -l12
