[0.010s] Invoking command in '/home/acid/stuff/rover/build/temperature_subscriber': CMAKE_PREFIX_PATH=/opt/ros/humble /usr/bin/cmake /home/acid/stuff/rover/src/sub -DCMAKE_INSTALL_PREFIX=/home/acid/stuff/rover/install/temperature_subscriber
[0.030s] -- Found ament_cmake: 1.3.11 (/opt/ros/humble/share/ament_cmake/cmake)
[0.142s] -- Found Python3: /usr/bin/python3 (found version "3.10.12") found components: Interpreter 
[0.222s] -- Found rclcpp: 16.0.12 (/opt/ros/humble/share/rclcpp/cmake)
[0.310s] -- Found rosidl_generator_c: 3.1.6 (/opt/ros/humble/share/rosidl_generator_c/cmake)
[0.315s] -- Found rosidl_adapter: 3.1.6 (/opt/ros/humble/share/rosidl_adapter/cmake)
[0.324s] -- Found rosidl_generator_cpp: 3.1.6 (/opt/ros/humble/share/rosidl_generator_cpp/cmake)
[0.338s] -- Using all available rosidl_typesupport_c: rosidl_typesupport_fastrtps_c;rosidl_typesupport_introspection_c
[0.354s] -- Using all available rosidl_typesupport_cpp: rosidl_typesupport_fastrtps_cpp;rosidl_typesupport_introspection_cpp
[0.398s] -- Found rmw_implementation_cmake: 6.1.2 (/opt/ros/humble/share/rmw_implementation_cmake/cmake)
[0.400s] -- Found rmw_fastrtps_cpp: 6.2.7 (/opt/ros/humble/share/rmw_fastrtps_cpp/cmake)
[0.741s] -- Found OpenSSL: /usr/lib/x86_64-linux-gnu/libcrypto.so (found version "3.0.2")  
[1.071s] -- Found FastRTPS: /opt/ros/humble/include  
[1.606s] -- Using RMW implementation 'rmw_fastrtps_cpp' as default
[1.623s] -- Looking for pthread.h
[1.714s] -- Looking for pthread.h - found
[1.714s] -- Performing Test CMAKE_HAVE_LIBC_PTHREAD
[1.804s] -- Performing Test CMAKE_HAVE_LIBC_PTHREAD - Success
[1.805s] -- Found Threads: TRUE  
[1.855s] -- Found ament_lint_auto: 0.12.12 (/opt/ros/humble/share/ament_lint_auto/cmake)
[1.913s] -- Added test 'cppcheck' to perform static code analysis on C / C++ code
[1.914s] -- Configured cppcheck include dirs: $<BUILD_INTERFACE:/home/acid/stuff/rover/src/sub/include>
[1.914s] -- Configured cppcheck exclude dirs and/or files: 
[1.915s] -- Added test 'lint_cmake' to check CMake code style
[1.916s] -- Added test 'uncrustify' to check C / C++ code style
[1.916s] -- Configured uncrustify additional arguments: 
[1.917s] -- Added test 'xmllint' to check XML markup files
[1.920s] -- Configuring done
[1.932s] -- Generating done
[1.936s] -- Build files have been written to: /home/acid/stuff/rover/build/temperature_subscriber
[1.946s] Invoked command in '/home/acid/stuff/rover/build/temperature_subscriber' returned '0': CMAKE_PREFIX_PATH=/opt/ros/humble /usr/bin/cmake /home/acid/stuff/rover/src/sub -DCMAKE_INSTALL_PREFIX=/home/acid/stuff/rover/install/temperature_subscriber
[1.948s] Invoking command in '/home/acid/stuff/rover/build/temperature_subscriber': CMAKE_PREFIX_PATH=/opt/ros/humble /usr/bin/cmake --build /home/acid/stuff/rover/build/temperature_subscriber -- -j12 -l12
[1.985s] [ 50%] [32mBuilding CXX object CMakeFiles/temp_sub.dir/src/main.cpp.o[0m
[2.045s] [01m[K/home/acid/stuff/rover/src/sub/src/main.cpp:6:10:[m[K [01;31m[Kfatal error: [m[KPubNode.cpp: No such file or directory
[2.045s]     6 | #include [01;31m[K"PubNode.cpp"[m[K
[2.045s]       |          [01;31m[K^~~~~~~~~~~~~[m[K
[2.045s] compilation terminated.
[2.046s] gmake[2]: *** [CMakeFiles/temp_sub.dir/build.make:76: CMakeFiles/temp_sub.dir/src/main.cpp.o] Error 1
[2.047s] gmake[1]: *** [CMakeFiles/Makefile2:137: CMakeFiles/temp_sub.dir/all] Error 2
[2.047s] gmake: *** [Makefile:146: all] Error 2
