[0.011s] Invoking command in '/home/acid/stuff/rover/build/temperature_subscriber': CMAKE_PREFIX_PATH=/opt/ros/humble /usr/bin/cmake --build /home/acid/stuff/rover/build/temperature_subscriber -- -j12 -l12
[0.034s] -- Found ament_cmake: 1.3.11 (/opt/ros/humble/share/ament_cmake/cmake)
[0.139s] -- Found rclcpp: 16.0.12 (/opt/ros/humble/share/rclcpp/cmake)
[0.228s] -- Found rosidl_generator_c: 3.1.6 (/opt/ros/humble/share/rosidl_generator_c/cmake)
[0.231s] -- Found rosidl_adapter: 3.1.6 (/opt/ros/humble/share/rosidl_adapter/cmake)
[0.238s] -- Found rosidl_generator_cpp: 3.1.6 (/opt/ros/humble/share/rosidl_generator_cpp/cmake)
[0.249s] -- Using all available rosidl_typesupport_c: rosidl_typesupport_fastrtps_c;rosidl_typesupport_introspection_c
[0.262s] -- Using all available rosidl_typesupport_cpp: rosidl_typesupport_fastrtps_cpp;rosidl_typesupport_introspection_cpp
[0.298s] -- Found rmw_implementation_cmake: 6.1.2 (/opt/ros/humble/share/rmw_implementation_cmake/cmake)
[0.300s] -- Found rmw_fastrtps_cpp: 6.2.7 (/opt/ros/humble/share/rmw_fastrtps_cpp/cmake)
[1.401s] -- Using RMW implementation 'rmw_fastrtps_cpp' as default
[1.462s] -- Found ament_lint_auto: 0.12.12 (/opt/ros/humble/share/ament_lint_auto/cmake)
[1.518s] -- Added test 'cppcheck' to perform static code analysis on C / C++ code
[1.518s] -- Configured cppcheck include dirs: $<BUILD_INTERFACE:/home/acid/stuff/rover/src/sub/include>
[1.518s] -- Configured cppcheck exclude dirs and/or files: 
[1.518s] -- Added test 'lint_cmake' to check CMake code style
[1.520s] -- Added test 'uncrustify' to check C / C++ code style
[1.520s] -- Configured uncrustify additional arguments: 
[1.520s] -- Added test 'xmllint' to check XML markup files
[1.522s] -- Configuring done
[1.534s] -- Generating done
[1.537s] -- Build files have been written to: /home/acid/stuff/rover/build/temperature_subscriber
[1.561s] [35m[1mConsolidate compiler generated dependencies of target temp_sub[0m
[1.576s] [ 25%] [32mBuilding CXX object CMakeFiles/temp_sub.dir/src/PackageSubsystem.cpp.o[0m
[1.576s] [ 75%] [32mBuilding CXX object CMakeFiles/temp_sub.dir/src/SubNode.cpp.o[0m
[1.576s] [ 75%] [32mBuilding CXX object CMakeFiles/temp_sub.dir/src/main.cpp.o[0m
[3.801s] In file included from [01m[K/opt/ros/humble/include/rclcpp/rclcpp/logging.hpp:24[m[K,
[3.801s]                  from [01m[K/opt/ros/humble/include/rclcpp/rclcpp/client.hpp:40[m[K,
[3.801s]                  from [01m[K/opt/ros/humble/include/rclcpp/rclcpp/callback_group.hpp:24[m[K,
[3.801s]                  from [01m[K/opt/ros/humble/include/rclcpp/rclcpp/any_executable.hpp:20[m[K,
[3.801s]                  from [01m[K/opt/ros/humble/include/rclcpp/rclcpp/memory_strategy.hpp:25[m[K,
[3.801s]                  from [01m[K/opt/ros/humble/include/rclcpp/rclcpp/memory_strategies.hpp:18[m[K,
[3.801s]                  from [01m[K/opt/ros/humble/include/rclcpp/rclcpp/executor_options.hpp:20[m[K,
[3.801s]                  from [01m[K/opt/ros/humble/include/rclcpp/rclcpp/executor.hpp:37[m[K,
[3.801s]                  from [01m[K/opt/ros/humble/include/rclcpp/rclcpp/executors/multi_threaded_executor.hpp:25[m[K,
[3.802s]                  from [01m[K/opt/ros/humble/include/rclcpp/rclcpp/executors.hpp:21[m[K,
[3.802s]                  from [01m[K/opt/ros/humble/include/rclcpp/rclcpp/rclcpp.hpp:155[m[K,
[3.802s]                  from [01m[K/home/acid/stuff/rover/src/sub/src/main.cpp:6[m[K:
[3.802s] [01m[K/home/acid/stuff/rover/src/sub/src/SubNode.cpp:[m[K In member function â€˜[01m[Kvoid temperatureSubscriber::topic_callback(std_msgs::msg::Float32_<std::allocator<void> >::SharedPtr) const[m[Kâ€™:
[3.802s] [01m[K/home/acid/stuff/rover/src/sub/src/SubNode.cpp:21:85:[m[K [01;31m[Kerror: [m[Kâ€˜[01m[Kconst SharedPtr[m[Kâ€™ {aka â€˜[01m[Kconst class std::shared_ptr<std_msgs::msg::Float32_<std::allocator<void> > >[m[Kâ€™} has no member named â€˜[01m[Kdata[m[Kâ€™
[3.802s]    21 |     RCLCPP_INFO(this->get_logger(), "Temperature Change Received: '%f'", tempChange.[01;31m[Kdata[m[K);
[3.802s]       |                                                                                     [01;31m[K^~~~[m[K
[3.802s] In file included from [01m[K/home/acid/stuff/rover/src/sub/src/main.cpp:8[m[K:
[3.802s] [01m[K/home/acid/stuff/rover/src/sub/src/SubNode.cpp:23:34:[m[K [01;31m[Kerror: [m[Kpassing â€˜[01m[Kconst CurrentTemperature[m[Kâ€™ as â€˜[01m[Kthis[m[Kâ€™ argument discards qualifiers [[01;31m[K]8;;https://gcc.gnu.org/onlinedocs/gcc/Warning-Options.html#index-fpermissive-fpermissive]8;;[m[K]
[3.802s]    23 |     [01;31m[Ktemp_memory.temperatureChange(tempChange->data)[m[K;
[3.802s]       |     [01;31m[K~~~~~~~~~~~~~~~~~~~~~~~~~~~~~^~~~~~~~~~~~~~~~~~[m[K
[3.802s] In file included from [01m[K/home/acid/stuff/rover/src/sub/src/SubNode.cpp:3[m[K,
[3.802s]                  from [01m[K/home/acid/stuff/rover/src/sub/src/main.cpp:8[m[K:
[3.802s] [01m[K/home/acid/stuff/rover/src/sub/src/PackageSubsystem.hpp:5:8:[m[K [01;36m[Knote: [m[K  in call to â€˜[01m[Kvoid CurrentTemperature::temperatureChange(float)[m[Kâ€™
[3.802s]     5 |   void [01;36m[KtemperatureChange[m[K(float value);
[3.802s]       |        [01;36m[K^~~~~~~~~~~~~~~~~[m[K
[3.802s] In file included from [01m[K/home/acid/stuff/rover/src/sub/src/main.cpp:8[m[K:
[3.803s] [01m[K/home/acid/stuff/rover/src/sub/src/SubNode.cpp:27:28:[m[K [01;31m[Kerror: [m[Kexpected unqualified-id before â€˜[01m[K>[m[Kâ€™ token
[3.803s]    27 |     if (CurrentTemperature [01;31m[K>[m[K 80.0f) {
[3.803s]       |                            [01;31m[K^[m[K
[3.803s] [01m[K/home/acid/stuff/rover/src/sub/src/SubNode.cpp:25:11:[m[K [01;35m[Kwarning: [m[Kunused variable â€˜[01m[KcurrentTemperature[m[Kâ€™ [[01;35m[K]8;;https://gcc.gnu.org/onlinedocs/gcc/Warning-Options.html#index-Wunused-variable-Wunused-variable]8;;[m[K]
[3.803s]    25 |     float [01;35m[KcurrentTemperature[m[K = temp_memory.getTemperature();
[3.803s]       |           [01;35m[K^~~~~~~~~~~~~~~~~~[m[K
[3.809s] In file included from [01m[K/opt/ros/humble/include/rclcpp/rclcpp/logging.hpp:24[m[K,
[3.809s]                  from [01m[K/opt/ros/humble/include/rclcpp/rclcpp/client.hpp:40[m[K,
[3.810s]                  from [01m[K/opt/ros/humble/include/rclcpp/rclcpp/callback_group.hpp:24[m[K,
[3.810s]                  from [01m[K/opt/ros/humble/include/rclcpp/rclcpp/any_executable.hpp:20[m[K,
[3.810s]                  from [01m[K/opt/ros/humble/include/rclcpp/rclcpp/memory_strategy.hpp:25[m[K,
[3.810s]                  from [01m[K/opt/ros/humble/include/rclcpp/rclcpp/memory_strategies.hpp:18[m[K,
[3.810s]                  from [01m[K/opt/ros/humble/include/rclcpp/rclcpp/executor_options.hpp:20[m[K,
[3.810s]                  from [01m[K/opt/ros/humble/include/rclcpp/rclcpp/executor.hpp:37[m[K,
[3.810s]                  from [01m[K/opt/ros/humble/include/rclcpp/rclcpp/executors/multi_threaded_executor.hpp:25[m[K,
[3.810s]                  from [01m[K/opt/ros/humble/include/rclcpp/rclcpp/executors.hpp:21[m[K,
[3.810s]                  from [01m[K/opt/ros/humble/include/rclcpp/rclcpp/rclcpp.hpp:155[m[K,
[3.810s]                  from [01m[K/home/acid/stuff/rover/src/sub/src/SubNode.cpp:4[m[K:
[3.810s] [01m[K/home/acid/stuff/rover/src/sub/src/SubNode.cpp:[m[K In member function â€˜[01m[Kvoid temperatureSubscriber::topic_callback(std_msgs::msg::Float32_<std::allocator<void> >::SharedPtr) const[m[Kâ€™:
[3.810s] [01m[K/home/acid/stuff/rover/src/sub/src/SubNode.cpp:21:85:[m[K [01;31m[Kerror: [m[Kâ€˜[01m[Kconst SharedPtr[m[Kâ€™ {aka â€˜[01m[Kconst class std::shared_ptr<std_msgs::msg::Float32_<std::allocator<void> > >[m[Kâ€™} has no member named â€˜[01m[Kdata[m[Kâ€™
[3.810s]    21 |     RCLCPP_INFO(this->get_logger(), "Temperature Change Received: '%f'", tempChange.[01;31m[Kdata[m[K);
[3.810s]       |                                                                                     [01;31m[K^~~~[m[K
[3.810s] [01m[K/home/acid/stuff/rover/src/sub/src/SubNode.cpp:23:34:[m[K [01;31m[Kerror: [m[Kpassing â€˜[01m[Kconst CurrentTemperature[m[Kâ€™ as â€˜[01m[Kthis[m[Kâ€™ argument discards qualifiers [[01;31m[K]8;;https://gcc.gnu.org/onlinedocs/gcc/Warning-Options.html#index-fpermissive-fpermissive]8;;[m[K]
[3.810s]    23 |     [01;31m[Ktemp_memory.temperatureChange(tempChange->data)[m[K;
[3.810s]       |     [01;31m[K~~~~~~~~~~~~~~~~~~~~~~~~~~~~~^~~~~~~~~~~~~~~~~~[m[K
[3.810s] In file included from [01m[K/home/acid/stuff/rover/src/sub/src/SubNode.cpp:3[m[K:
[3.810s] [01m[K/home/acid/stuff/rover/src/sub/src/PackageSubsystem.hpp:5:8:[m[K [01;36m[Knote: [m[K  in call to â€˜[01m[Kvoid CurrentTemperature::temperatureChange(float)[m[Kâ€™
[3.810s]     5 |   void [01;36m[KtemperatureChange[m[K(float value);
[3.811s]       |        [01;36m[K^~~~~~~~~~~~~~~~~[m[K
[3.811s] [01m[K/home/acid/stuff/rover/src/sub/src/SubNode.cpp:27:28:[m[K [01;31m[Kerror: [m[Kexpected unqualified-id before â€˜[01m[K>[m[Kâ€™ token
[3.811s]    27 |     if (CurrentTemperature [01;31m[K>[m[K 80.0f) {
[3.811s]       |                            [01;31m[K^[m[K
[3.811s] [01m[K/home/acid/stuff/rover/src/sub/src/SubNode.cpp:25:11:[m[K [01;35m[Kwarning: [m[Kunused variable â€˜[01m[KcurrentTemperature[m[Kâ€™ [[01;35m[K]8;;https://gcc.gnu.org/onlinedocs/gcc/Warning-Options.html#index-Wunused-variable-Wunused-variable]8;;[m[K]
[3.811s]    25 |     float [01;35m[KcurrentTemperature[m[K = temp_memory.getTemperature();
[3.811s]       |           [01;35m[K^~~~~~~~~~~~~~~~~~[m[K
[5.506s] gmake[2]: *** [CMakeFiles/temp_sub.dir/build.make:90: CMakeFiles/temp_sub.dir/src/SubNode.cpp.o] Error 1
[5.506s] gmake[2]: *** Waiting for unfinished jobs....
[5.637s] gmake[2]: *** [CMakeFiles/temp_sub.dir/build.make:76: CMakeFiles/temp_sub.dir/src/main.cpp.o] Error 1
[5.637s] gmake[1]: *** [CMakeFiles/Makefile2:137: CMakeFiles/temp_sub.dir/all] Error 2
[5.638s] gmake: *** [Makefile:146: all] Error 2
[5.641s] Invoked command in '/home/acid/stuff/rover/build/temperature_subscriber' returned '2': CMAKE_PREFIX_PATH=/opt/ros/humble /usr/bin/cmake --build /home/acid/stuff/rover/build/temperature_subscriber -- -j12 -l12
