[ 50%] [32mBuilding CXX object CMakeFiles/temp_pub.dir/src/main.cpp.o[0m
In file included from [01m[K/home/acid/stuff/rover/src/pub/src/main.cpp:6[m[K:
[01m[K/home/acid/stuff/rover/src/pub/src/PubNode.cpp:36:2:[m[K [01;31m[Kerror: [m[Kexpected â€˜[01m[K;[m[Kâ€™ after class definition
   36 | }
      |  [01;31m[K^[m[K
      |  [32m[K;[m[K
[01m[K/home/acid/stuff/rover/src/pub/src/PubNode.cpp:[m[K In constructor â€˜[01m[KtemperaturePublisher::temperaturePublisher()[m[Kâ€™:
[01m[K/home/acid/stuff/rover/src/pub/src/PubNode.cpp:20:38:[m[K [01;31m[Kerror: [m[Kunable to find numeric literal operator â€˜[01m[Koperator""ms[m[Kâ€™
   20 |     timer_ = this->create_wall_timer([01;31m[K500ms[m[K, std::bind(&temperaturePublisher::timer_callback, this));
      |                                      [01;31m[K^~~~~[m[K
gmake[2]: *** [CMakeFiles/temp_pub.dir/build.make:76: CMakeFiles/temp_pub.dir/src/main.cpp.o] Error 1
gmake[1]: *** [CMakeFiles/Makefile2:137: CMakeFiles/temp_pub.dir/all] Error 2
gmake: *** [Makefile:146: all] Error 2
