[0.012s] Invoking command in '/home/acid/stuff/rover/build/temperature_publisher': CMAKE_PREFIX_PATH=/opt/ros/humble /usr/bin/cmake --build /home/acid/stuff/rover/build/temperature_publisher -- -j12 -l12
[0.057s] [ 50%] [32mBuilding CXX object CMakeFiles/temp_pub.dir/src/main.cpp.o[0m
[2.007s] In file included from [01m[K/home/acid/stuff/rover/src/pub/src/main.cpp:6[m[K:
[2.007s] [01m[K/home/acid/stuff/rover/src/pub/src/PubNode.cpp:36:2:[m[K [01;31m[Kerror: [m[Kexpected â€˜[01m[K;[m[Kâ€™ after class definition
[2.007s]    36 | }
[2.007s]       |  [01;31m[K^[m[K
[2.007s]       |  [32m[K;[m[K
[2.008s] [01m[K/home/acid/stuff/rover/src/pub/src/PubNode.cpp:[m[K In constructor â€˜[01m[KtemperaturePublisher::temperaturePublisher()[m[Kâ€™:
[2.008s] [01m[K/home/acid/stuff/rover/src/pub/src/PubNode.cpp:20:38:[m[K [01;31m[Kerror: [m[Kunable to find numeric literal operator â€˜[01m[Koperator""ms[m[Kâ€™
[2.008s]    20 |     timer_ = this->create_wall_timer([01;31m[K500ms[m[K, std::bind(&temperaturePublisher::timer_callback, this));
[2.008s]       |                                      [01;31m[K^~~~~[m[K
[2.587s] gmake[2]: *** [CMakeFiles/temp_pub.dir/build.make:76: CMakeFiles/temp_pub.dir/src/main.cpp.o] Error 1
[2.587s] gmake[1]: *** [CMakeFiles/Makefile2:137: CMakeFiles/temp_pub.dir/all] Error 2
[2.588s] gmake: *** [Makefile:146: all] Error 2
