[01m[K/home/acid/stuff/rover/src/sub/src/main.cpp:6:10:[m[K [01;31m[Kfatal error: [m[KPubNode.cpp: No such file or directory
    6 | #include [01;31m[K"PubNode.cpp"[m[K
      |          [01;31m[K^~~~~~~~~~~~~[m[K
compilation terminated.
gmake[2]: *** [CMakeFiles/temp_sub.dir/build.make:76: CMakeFiles/temp_sub.dir/src/main.cpp.o] Error 1
gmake[1]: *** [CMakeFiles/Makefile2:137: CMakeFiles/temp_sub.dir/all] Error 2
gmake: *** [Makefile:146: all] Error 2
