[ 50%] [32mBuilding CXX object CMakeFiles/temp_sub.dir/src/main.cpp.o[0m
In file included from [01m[K/home/acid/stuff/rover/src/sub/src/main.cpp:8[m[K:
[01m[K/home/acid/stuff/rover/src/sub/src/SubNode.cpp:32:22:[m[K [01;31m[Kerror: [m[Kfield â€˜[01m[Ktemp_memory[m[Kâ€™ has incomplete type â€˜[01m[KCurrentTemperature[m[Kâ€™
   32 |   CurrentTemperature [01;31m[Ktemp_memory[m[K;
      |                      [01;31m[K^~~~~~~~~~~[m[K
In file included from [01m[K/home/acid/stuff/rover/src/sub/src/SubNode.cpp:3[m[K,
                 from [01m[K/home/acid/stuff/rover/src/sub/src/main.cpp:8[m[K:
[01m[K/home/acid/stuff/rover/src/sub/src/PackageSubsystem.hpp:3:7:[m[K [01;36m[Knote: [m[Kforward declaration of â€˜[01m[Kclass CurrentTemperature[m[Kâ€™
    3 | class [01;36m[KCurrentTemperature[m[K;
      |       [01;36m[K^~~~~~~~~~~~~~~~~~[m[K
In file included from [01m[K/home/acid/stuff/rover/src/sub/src/main.cpp:8[m[K:
[01m[K/home/acid/stuff/rover/src/sub/src/SubNode.cpp:[m[K In constructor â€˜[01m[KtemperatureSubscriber::temperatureSubscriber()[m[Kâ€™:
[01m[K/home/acid/stuff/rover/src/sub/src/SubNode.cpp:14:20:[m[K [01;31m[Kerror: [m[Kâ€˜[01m[KMinimalSubscriber[m[Kâ€™ has not been declared
   14 |         std::bind(&[01;31m[KMinimalSubscriber[m[K::topic_callback, this, _1));
      |                    [01;31m[K^~~~~~~~~~~~~~~~~[m[K
[01m[K/home/acid/stuff/rover/src/sub/src/SubNode.cpp:14:61:[m[K [01;31m[Kerror: [m[Kâ€˜[01m[K_1[m[Kâ€™ was not declared in this scope; did you mean â€˜[01m[Kstd::placeholders::_1[m[Kâ€™?
   14 |         std::bind(&MinimalSubscriber::topic_callback, this, [01;31m[K_1[m[K));
      |                                                             [01;31m[K^~[m[K
      |                                                             [32m[Kstd::placeholders::_1[m[K
In file included from [01m[K/usr/include/c++/11/pstl/glue_algorithm_defs.h:13[m[K,
                 from [01m[K/usr/include/c++/11/algorithm:74[m[K,
                 from [01m[K/opt/ros/humble/include/rclcpp/rclcpp/executor.hpp:18[m[K,
                 from [01m[K/opt/ros/humble/include/rclcpp/rclcpp/executors/multi_threaded_executor.hpp:25[m[K,
                 from [01m[K/opt/ros/humble/include/rclcpp/rclcpp/executors.hpp:21[m[K,
                 from [01m[K/opt/ros/humble/include/rclcpp/rclcpp/rclcpp.hpp:155[m[K,
                 from [01m[K/home/acid/stuff/rover/src/sub/src/main.cpp:6[m[K:
[01m[K/usr/include/c++/11/functional:225:34:[m[K [01;36m[Knote: [m[Kâ€˜[01m[Kstd::placeholders::_1[m[Kâ€™ declared here
  225 |     extern const _Placeholder<1> [01;36m[K_1[m[K;
      |                                  [01;36m[K^~[m[K
In file included from [01m[K/opt/ros/humble/include/rclcpp/rclcpp/logging.hpp:24[m[K,
                 from [01m[K/opt/ros/humble/include/rclcpp/rclcpp/client.hpp:40[m[K,
                 from [01m[K/opt/ros/humble/include/rclcpp/rclcpp/callback_group.hpp:24[m[K,
                 from [01m[K/opt/ros/humble/include/rclcpp/rclcpp/any_executable.hpp:20[m[K,
                 from [01m[K/opt/ros/humble/include/rclcpp/rclcpp/memory_strategy.hpp:25[m[K,
                 from [01m[K/opt/ros/humble/include/rclcpp/rclcpp/memory_strategies.hpp:18[m[K,
                 from [01m[K/opt/ros/humble/include/rclcpp/rclcpp/executor_options.hpp:20[m[K,
                 from [01m[K/opt/ros/humble/include/rclcpp/rclcpp/executor.hpp:37[m[K,
                 from [01m[K/opt/ros/humble/include/rclcpp/rclcpp/executors/multi_threaded_executor.hpp:25[m[K,
                 from [01m[K/opt/ros/humble/include/rclcpp/rclcpp/executors.hpp:21[m[K,
                 from [01m[K/opt/ros/humble/include/rclcpp/rclcpp/rclcpp.hpp:155[m[K,
                 from [01m[K/home/acid/stuff/rover/src/sub/src/main.cpp:6[m[K:
[01m[K/home/acid/stuff/rover/src/sub/src/SubNode.cpp:[m[K In member function â€˜[01m[Kvoid temperatureSubscriber::topic_callback(std_msgs::msg::Float32_<std::allocator<void> >::SharedPtr) const[m[Kâ€™:
[01m[K/home/acid/stuff/rover/src/sub/src/SubNode.cpp:21:85:[m[K [01;31m[Kerror: [m[Kâ€˜[01m[Kconst SharedPtr[m[Kâ€™ {aka â€˜[01m[Kconst class std::shared_ptr<std_msgs::msg::Float32_<std::allocator<void> > >[m[Kâ€™} has no member named â€˜[01m[Kdata[m[Kâ€™
   21 |     RCLCPP_INFO(this->get_logger(), "Temperature Change Received: '%f'", tempChange.[01;31m[Kdata[m[K);
      |                                                                                     [01;31m[K^~~~[m[K
In file included from [01m[K/home/acid/stuff/rover/src/sub/src/main.cpp:8[m[K:
[01m[K/home/acid/stuff/rover/src/sub/src/SubNode.cpp:27:28:[m[K [01;31m[Kerror: [m[Kexpected unqualified-id before â€˜[01m[K>[m[Kâ€™ token
   27 |     if (CurrentTemperature [01;31m[K>[m[K 80) {
      |                            [01;31m[K^[m[K
[01m[K/home/acid/stuff/rover/src/sub/src/SubNode.cpp:25:11:[m[K [01;35m[Kwarning: [m[Kunused variable â€˜[01m[KcurrentTemperature[m[Kâ€™ [[01;35m[K]8;;https://gcc.gnu.org/onlinedocs/gcc/Warning-Options.html#index-Wunused-variable-Wunused-variable]8;;[m[K]
   25 |     float [01;35m[KcurrentTemperature[m[K = temp_memory.getTemperature();
      |           [01;35m[K^~~~~~~~~~~~~~~~~~[m[K
gmake[2]: *** [CMakeFiles/temp_sub.dir/build.make:76: CMakeFiles/temp_sub.dir/src/main.cpp.o] Error 1
gmake[1]: *** [CMakeFiles/Makefile2:137: CMakeFiles/temp_sub.dir/all] Error 2
gmake: *** [Makefile:146: all] Error 2
